Build started 9/8/2015 11:06:32 PM.
     1>Project "C:\Users\Alex\Documents\GitHub\EulerCPlusPlus\CPlusPlus\CPlusPlus.vcxproj" on node 2 (Build target(s)).
     1>ClCompile:
         C:\Program Files (x86)\Microsoft Visual Studio 14.0\VC\bin\CL.exe /c /Zi /nologo /W3 /WX- /sdl- /Od /Oy- /D _MBCS /Gm /EHsc /MDd /GS /fp:precise /Zc:wchar_t /Zc:forScope /Zc:inline /Fo"Debug\\" /Fd"Debug\vc140.pdb" /Gd /TP /analyze- /errorReport:prompt /await Problem55.cpp
         Problem55.cpp
     1>Problem55.cpp(47): warning C4018: '<': signed/unsigned mismatch
     1>Problem55.cpp(67): warning C4018: '<': signed/unsigned mismatch
     1>Problem55.cpp(68): warning C4244: '+=': conversion from 'double' to 'unsigned __int64', possible loss of data
       Link:
         C:\Program Files (x86)\Microsoft Visual Studio 14.0\VC\bin\link.exe /ERRORREPORT:PROMPT /OUT:"C:\Users\Alex\Documents\GitHub\EulerCPlusPlus\Debug\CPlusPlus.exe" /INCREMENTAL /NOLOGO kernel32.lib user32.lib gdi32.lib winspool.lib comdlg32.lib advapi32.lib shell32.lib ole32.lib oleaut32.lib uuid.lib odbc32.lib odbccp32.lib /MANIFEST /MANIFESTUAC:"level='asInvoker' uiAccess='false'" /manifest:embed /Debug /PDB:"C:\Users\Alex\Documents\GitHub\EulerCPlusPlus\Debug\CPlusPlus.pdb" /TLBID:1 /DYNAMICBASE /NXCOMPAT /IMPLIB:"C:\Users\Alex\Documents\GitHub\EulerCPlusPlus\Debug\CPlusPlus.lib" /MACHINE:X86 Debug\Poker.obj
         Debug\Problem45.obj
         Debug\main.obj
         Debug\Problem46.obj
         Debug\Problem47.obj
         Debug\Problem48.obj
         Debug\Problem49.obj
         Debug\Problem50.obj
         Debug\Problem51.obj
         Debug\Problem52.obj
         Debug\Problem53.obj
         Debug\Problem54.obj
         Debug\Problem55.obj
         Debug\Utils.obj
         CPlusPlus.vcxproj -> C:\Users\Alex\Documents\GitHub\EulerCPlusPlus\Debug\CPlusPlus.exe
     1>Done Building Project "C:\Users\Alex\Documents\GitHub\EulerCPlusPlus\CPlusPlus\CPlusPlus.vcxproj" (Build target(s)).

Build succeeded.

Time Elapsed 00:00:00.76
